[2014-02-07 12:32:55] request.ERROR: Uncaught PHP Exception Symfony\Component\HttpKernel\Exception\NotFoundHttpException: "No route found for "GET /bundles/framework/images/input_bg.gif" (from "http://localhost/Symfony/web/app_dev.php/_configurator/step/0")" at /Applications/MAMP/htdocs/Symfony/vendor/symfony/symfony/src/Symfony/Component/HttpKernel/EventListener/RouterListener.php line 144 {"exception":"[object] (Symfony\\Component\\HttpKernel\\Exception\\NotFoundHttpException: No route found for \"GET /bundles/framework/images/input_bg.gif\" (from \"http://localhost/Symfony/web/app_dev.php/_configurator/step/0\") at /Applications/MAMP/htdocs/Symfony/vendor/symfony/symfony/src/Symfony/Component/HttpKernel/EventListener/RouterListener.php:144, Symfony\\Component\\Routing\\Exception\\ResourceNotFoundException:  at /Applications/MAMP/htdocs/Symfony/app/cache/prod/appProdUrlMatcher.php:32)"} []
[2014-02-07 12:33:07] request.ERROR: Uncaught PHP Exception Symfony\Component\HttpKernel\Exception\NotFoundHttpException: "No route found for "GET /bundles/framework/images/input_bg.gif" (from "http://localhost/Symfony/web/app_dev.php/_configurator/step/1")" at /Applications/MAMP/htdocs/Symfony/vendor/symfony/symfony/src/Symfony/Component/HttpKernel/EventListener/RouterListener.php line 144 {"exception":"[object] (Symfony\\Component\\HttpKernel\\Exception\\NotFoundHttpException: No route found for \"GET /bundles/framework/images/input_bg.gif\" (from \"http://localhost/Symfony/web/app_dev.php/_configurator/step/1\") at /Applications/MAMP/htdocs/Symfony/vendor/symfony/symfony/src/Symfony/Component/HttpKernel/EventListener/RouterListener.php:144, Symfony\\Component\\Routing\\Exception\\ResourceNotFoundException:  at /Applications/MAMP/htdocs/Symfony/app/cache/prod/appProdUrlMatcher.php:32)"} []
[2014-02-07 14:47:03] request.ERROR: Uncaught PHP Exception Symfony\Component\HttpKernel\Exception\NotFoundHttpException: "No route found for "GET /"" at /Applications/MAMP/htdocs/Symfony/app/cache/prod/classes.php line 1977 {"exception":"[object] (Symfony\\Component\\HttpKernel\\Exception\\NotFoundHttpException: No route found for \"GET /\" at /Applications/MAMP/htdocs/Symfony/app/cache/prod/classes.php:1977, Symfony\\Component\\Routing\\Exception\\ResourceNotFoundException:  at /Applications/MAMP/htdocs/Symfony/app/cache/prod/appProdUrlMatcher.php:32)"} []
[2014-02-07 14:47:13] request.ERROR: Uncaught PHP Exception Symfony\Component\HttpKernel\Exception\NotFoundHttpException: "No route found for "GET /"" at /Applications/MAMP/htdocs/Symfony/app/cache/prod/classes.php line 1977 {"exception":"[object] (Symfony\\Component\\HttpKernel\\Exception\\NotFoundHttpException: No route found for \"GET /\" at /Applications/MAMP/htdocs/Symfony/app/cache/prod/classes.php:1977, Symfony\\Component\\Routing\\Exception\\ResourceNotFoundException:  at /Applications/MAMP/htdocs/Symfony/app/cache/prod/appProdUrlMatcher.php:32)"} []
[2014-02-07 14:48:56] event.DEBUG: Notified event "kernel.request" to listener "Symfony\Bundle\FrameworkBundle\EventListener\SessionListener::onKernelRequest". [] []
[2014-02-07 14:48:56] event.DEBUG: Notified event "kernel.request" to listener "Symfony\Component\HttpKernel\EventListener\FragmentListener::onKernelRequest". [] []
[2014-02-07 14:48:56] event.DEBUG: Notified event "kernel.request" to listener "Symfony\Component\HttpKernel\EventListener\RouterListener::onKernelRequest". [] []
[2014-02-07 14:48:56] event.DEBUG: Notified event "kernel.exception" to listener "Symfony\Component\HttpKernel\EventListener\ExceptionListener::onKernelException". [] []
[2014-02-07 14:48:56] request.ERROR: Uncaught PHP Exception Symfony\Component\HttpKernel\Exception\NotFoundHttpException: "No route found for "GET /"" at /Applications/MAMP/htdocs/Symfony/vendor/symfony/symfony/src/Symfony/Component/HttpKernel/EventListener/RouterListener.php line 144 {"exception":"[object] (Symfony\\Component\\HttpKernel\\Exception\\NotFoundHttpException: No route found for \"GET /\" at /Applications/MAMP/htdocs/Symfony/vendor/symfony/symfony/src/Symfony/Component/HttpKernel/EventListener/RouterListener.php:144, Symfony\\Component\\Routing\\Exception\\ResourceNotFoundException:  at /Applications/MAMP/htdocs/Symfony/app/cache/prod/appProdUrlMatcher.php:35)"} []
[2014-02-07 14:48:56] event.DEBUG: Notified event "kernel.request" to listener "closure". [] []
[2014-02-07 14:48:56] event.DEBUG: Notified event "kernel.request" to listener "Symfony\Bundle\FrameworkBundle\EventListener\SessionListener::onKernelRequest". [] []
[2014-02-07 14:48:56] event.DEBUG: Notified event "kernel.request" to listener "closure". [] []
[2014-02-07 14:48:56] event.DEBUG: Notified event "kernel.request" to listener "Symfony\Component\HttpKernel\EventListener\FragmentListener::onKernelRequest". [] []
[2014-02-07 14:48:56] event.DEBUG: Notified event "kernel.request" to listener "closure". [] []
[2014-02-07 14:48:56] event.DEBUG: Notified event "kernel.request" to listener "Symfony\Component\HttpKernel\EventListener\RouterListener::onKernelRequest". [] []
[2014-02-07 14:48:56] event.DEBUG: Notified event "kernel.request" to listener "closure". [] []
[2014-02-07 14:48:56] event.DEBUG: Notified event "kernel.request" to listener "Symfony\Component\HttpKernel\EventListener\LocaleListener::onKernelRequest". [] []
[2014-02-07 14:48:56] event.DEBUG: Notified event "kernel.request" to listener "closure". [] []
[2014-02-07 14:48:56] event.DEBUG: Notified event "kernel.request" to listener "Symfony\Component\Security\Http\Firewall::onKernelRequest". [] []
[2014-02-07 14:48:56] event.DEBUG: Notified event "kernel.request" to listener "closure". [] []
[2014-02-07 14:48:56] event.DEBUG: Notified event "kernel.request" to listener "Symfony\Component\HttpKernel\EventListener\ErrorsLoggerListener::injectLogger". [] []
[2014-02-07 14:48:56] event.DEBUG: Notified event "kernel.request" to listener "closure". [] []
[2014-02-07 14:48:56] event.DEBUG: Notified event "kernel.request" to listener "Symfony\Component\HttpKernel\EventListener\ErrorsLoggerListener::injectLogger". [] []
[2014-02-07 14:48:56] event.DEBUG: Notified event "kernel.controller" to listener "Sensio\Bundle\FrameworkExtraBundle\EventListener\ControllerListener::onKernelController". [] []
[2014-02-07 14:48:56] event.DEBUG: Notified event "kernel.controller" to listener "Sensio\Bundle\FrameworkExtraBundle\EventListener\ParamConverterListener::onKernelController". [] []
[2014-02-07 14:48:56] event.DEBUG: Notified event "kernel.controller" to listener "Sensio\Bundle\FrameworkExtraBundle\EventListener\HttpCacheListener::onKernelController". [] []
[2014-02-07 14:48:56] event.DEBUG: Notified event "kernel.controller" to listener "Sensio\Bundle\FrameworkExtraBundle\EventListener\SecurityListener::onKernelController". [] []
[2014-02-07 14:48:56] event.DEBUG: Notified event "kernel.controller" to listener "Sensio\Bundle\FrameworkExtraBundle\EventListener\TemplateListener::onKernelController". [] []
[2014-02-07 14:48:57] event.DEBUG: Notified event "kernel.response" to listener "Symfony\Component\HttpKernel\EventListener\ResponseListener::onKernelResponse". [] []
[2014-02-07 14:48:57] event.DEBUG: Notified event "kernel.response" to listener "Symfony\Component\Security\Http\RememberMe\ResponseListener::onKernelResponse". [] []
[2014-02-07 14:48:57] event.DEBUG: Notified event "kernel.response" to listener "Sensio\Bundle\FrameworkExtraBundle\EventListener\HttpCacheListener::onKernelResponse". [] []
[2014-02-07 14:48:57] event.DEBUG: Notified event "kernel.response" to listener "Symfony\Component\HttpKernel\EventListener\StreamedResponseListener::onKernelResponse". [] []
[2014-02-07 14:48:57] event.DEBUG: Notified event "kernel.finish_request" to listener "Symfony\Component\HttpKernel\EventListener\LocaleListener::onKernelFinishRequest". [] []
[2014-02-07 14:48:57] event.DEBUG: Notified event "kernel.finish_request" to listener "Symfony\Component\HttpKernel\EventListener\RouterListener::onKernelFinishRequest". [] []
[2014-02-07 14:48:57] event.DEBUG: Notified event "kernel.finish_request" to listener "Symfony\Component\Security\Http\Firewall::onKernelFinishRequest". [] []
[2014-02-07 14:48:57] event.DEBUG: Listener "Symfony\Component\HttpKernel\EventListener\ExceptionListener::onKernelException" stopped propagation of the event "kernel.exception". [] []
[2014-02-07 14:48:57] event.DEBUG: Notified event "kernel.response" to listener "Symfony\Component\HttpKernel\EventListener\ResponseListener::onKernelResponse". [] []
[2014-02-07 14:48:57] event.DEBUG: Notified event "kernel.response" to listener "Symfony\Component\Security\Http\RememberMe\ResponseListener::onKernelResponse". [] []
[2014-02-07 14:48:57] event.DEBUG: Notified event "kernel.response" to listener "Sensio\Bundle\FrameworkExtraBundle\EventListener\HttpCacheListener::onKernelResponse". [] []
[2014-02-07 14:48:57] event.DEBUG: Notified event "kernel.response" to listener "Symfony\Component\HttpKernel\EventListener\StreamedResponseListener::onKernelResponse". [] []
[2014-02-07 14:48:57] event.DEBUG: Notified event "kernel.finish_request" to listener "Symfony\Component\HttpKernel\EventListener\LocaleListener::onKernelFinishRequest". [] []
[2014-02-07 14:48:57] event.DEBUG: Notified event "kernel.finish_request" to listener "Symfony\Component\HttpKernel\EventListener\RouterListener::onKernelFinishRequest". [] []
[2014-02-07 14:48:57] event.DEBUG: Notified event "kernel.finish_request" to listener "Symfony\Component\Security\Http\Firewall::onKernelFinishRequest". [] []
[2014-02-07 14:48:57] event.DEBUG: Notified event "kernel.terminate" to listener "Symfony\Bundle\SwiftmailerBundle\EventListener\EmailSenderListener::onKernelTerminate". [] []
[2014-02-07 18:09:55] request.ERROR: Uncaught PHP Exception Symfony\Component\HttpKernel\Exception\NotFoundHttpException: "No route found for "GET /"" at /Applications/MAMP/htdocs/Symfony/app/cache/prod/classes.php line 1977 {"exception":"[object] (Symfony\\Component\\HttpKernel\\Exception\\NotFoundHttpException: No route found for \"GET /\" at /Applications/MAMP/htdocs/Symfony/app/cache/prod/classes.php:1977, Symfony\\Component\\Routing\\Exception\\ResourceNotFoundException:  at /Applications/MAMP/htdocs/Symfony/app/cache/prod/appProdUrlMatcher.php:35)"} []
[2014-02-07 18:09:57] request.ERROR: Uncaught PHP Exception Symfony\Component\HttpKernel\Exception\NotFoundHttpException: "No route found for "GET /agenda"" at /Applications/MAMP/htdocs/Symfony/app/cache/prod/classes.php line 1977 {"exception":"[object] (Symfony\\Component\\HttpKernel\\Exception\\NotFoundHttpException: No route found for \"GET /agenda\" at /Applications/MAMP/htdocs/Symfony/app/cache/prod/classes.php:1977, Symfony\\Component\\Routing\\Exception\\ResourceNotFoundException:  at /Applications/MAMP/htdocs/Symfony/app/cache/prod/appProdUrlMatcher.php:35)"} []
[2014-02-07 18:10:02] request.ERROR: Uncaught PHP Exception Symfony\Component\HttpKernel\Exception\NotFoundHttpException: "No route found for "GET /"" at /Applications/MAMP/htdocs/Symfony/app/cache/prod/classes.php line 1977 {"exception":"[object] (Symfony\\Component\\HttpKernel\\Exception\\NotFoundHttpException: No route found for \"GET /\" at /Applications/MAMP/htdocs/Symfony/app/cache/prod/classes.php:1977, Symfony\\Component\\Routing\\Exception\\ResourceNotFoundException:  at /Applications/MAMP/htdocs/Symfony/app/cache/prod/appProdUrlMatcher.php:35)"} []
[2014-02-08 15:59:15] request.ERROR: Uncaught PHP Exception Symfony\Component\HttpKernel\Exception\NotFoundHttpException: "No route found for "GET /bundles/calendar/js/jquery.min.map"" at /Applications/MAMP/htdocs/Symfony/app/cache/prod/classes.php line 1977 {"exception":"[object] (Symfony\\Component\\HttpKernel\\Exception\\NotFoundHttpException: No route found for \"GET /bundles/calendar/js/jquery.min.map\" at /Applications/MAMP/htdocs/Symfony/app/cache/prod/classes.php:1977, Symfony\\Component\\Routing\\Exception\\ResourceNotFoundException:  at /Applications/MAMP/htdocs/Symfony/app/cache/prod/appProdUrlMatcher.php:35)"} []
[2014-02-10 14:42:05] request.ERROR: Uncaught PHP Exception Symfony\Component\HttpKernel\Exception\NotFoundHttpException: "No route found for "GET /" (from "http://localhost/Symfony/")" at /Applications/MAMP/htdocs/Symfony/app/cache/prod/classes.php line 1977 {"exception":"[object] (Symfony\\Component\\HttpKernel\\Exception\\NotFoundHttpException: No route found for \"GET /\" (from \"http://localhost/Symfony/\") at /Applications/MAMP/htdocs/Symfony/app/cache/prod/classes.php:1977, Symfony\\Component\\Routing\\Exception\\ResourceNotFoundException:  at /Applications/MAMP/htdocs/Symfony/app/cache/prod/appProdUrlMatcher.php:35)"} []
[2014-02-10 14:24:06] request.ERROR: Uncaught PHP Exception Symfony\Component\HttpKernel\Exception\NotFoundHttpException: "No route found for "GET /"" at /Applications/MAMP/htdocs/Symfony/app/cache/prod/classes.php line 1977 {"exception":"[object] (Symfony\\Component\\HttpKernel\\Exception\\NotFoundHttpException: No route found for \"GET /\" at /Applications/MAMP/htdocs/Symfony/app/cache/prod/classes.php:1977, Symfony\\Component\\Routing\\Exception\\ResourceNotFoundException:  at /Applications/MAMP/htdocs/Symfony/app/cache/prod/appProdUrlMatcher.php:35)"} []
[2014-02-10 14:24:43] request.ERROR: Uncaught PHP Exception Symfony\Component\HttpKernel\Exception\NotFoundHttpException: "No route found for "GET /agenda"" at /Applications/MAMP/htdocs/Symfony/app/cache/prod/classes.php line 1977 {"exception":"[object] (Symfony\\Component\\HttpKernel\\Exception\\NotFoundHttpException: No route found for \"GET /agenda\" at /Applications/MAMP/htdocs/Symfony/app/cache/prod/classes.php:1977, Symfony\\Component\\Routing\\Exception\\ResourceNotFoundException:  at /Applications/MAMP/htdocs/Symfony/app/cache/prod/appProdUrlMatcher.php:35)"} []
[2014-02-10 15:28:27] request.ERROR: Uncaught PHP Exception Symfony\Component\HttpKernel\Exception\NotFoundHttpException: "No route found for "GET /"" at /Applications/MAMP/htdocs/Symfony/app/cache/prod/classes.php line 1977 {"exception":"[object] (Symfony\\Component\\HttpKernel\\Exception\\NotFoundHttpException: No route found for \"GET /\" at /Applications/MAMP/htdocs/Symfony/app/cache/prod/classes.php:1977, Symfony\\Component\\Routing\\Exception\\ResourceNotFoundException:  at /Applications/MAMP/htdocs/Symfony/app/cache/prod/appProdUrlMatcher.php:35)"} []
[2014-02-10 15:37:02] request.ERROR: Uncaught PHP Exception Symfony\Component\HttpKernel\Exception\NotFoundHttpException: "No route found for "GET /"" at /Applications/MAMP/htdocs/Symfony/app/cache/prod/classes.php line 1977 {"exception":"[object] (Symfony\\Component\\HttpKernel\\Exception\\NotFoundHttpException: No route found for \"GET /\" at /Applications/MAMP/htdocs/Symfony/app/cache/prod/classes.php:1977, Symfony\\Component\\Routing\\Exception\\ResourceNotFoundException:  at /Applications/MAMP/htdocs/Symfony/app/cache/prod/appProdUrlMatcher.php:35)"} []
[2014-02-10 15:42:10] request.ERROR: Uncaught PHP Exception Symfony\Component\HttpKernel\Exception\NotFoundHttpException: "No route found for "GET /app-dev.php"" at /Applications/MAMP/htdocs/Symfony/app/cache/prod/classes.php line 1977 {"exception":"[object] (Symfony\\Component\\HttpKernel\\Exception\\NotFoundHttpException: No route found for \"GET /app-dev.php\" at /Applications/MAMP/htdocs/Symfony/app/cache/prod/classes.php:1977, Symfony\\Component\\Routing\\Exception\\ResourceNotFoundException:  at /Applications/MAMP/htdocs/Symfony/app/cache/prod/appProdUrlMatcher.php:35)"} []
[2014-02-10 15:42:46] request.ERROR: Uncaught PHP Exception Symfony\Component\HttpKernel\Exception\NotFoundHttpException: "No route found for "GET /" (from "http://localhost/Symfony/")" at /Applications/MAMP/htdocs/Symfony/app/cache/prod/classes.php line 1977 {"exception":"[object] (Symfony\\Component\\HttpKernel\\Exception\\NotFoundHttpException: No route found for \"GET /\" (from \"http://localhost/Symfony/\") at /Applications/MAMP/htdocs/Symfony/app/cache/prod/classes.php:1977, Symfony\\Component\\Routing\\Exception\\ResourceNotFoundException:  at /Applications/MAMP/htdocs/Symfony/app/cache/prod/appProdUrlMatcher.php:35)"} []
[2014-02-10 15:42:50] request.ERROR: Uncaught PHP Exception Symfony\Component\HttpKernel\Exception\NotFoundHttpException: "No route found for "GET /"" at /Applications/MAMP/htdocs/Symfony/app/cache/prod/classes.php line 1977 {"exception":"[object] (Symfony\\Component\\HttpKernel\\Exception\\NotFoundHttpException: No route found for \"GET /\" at /Applications/MAMP/htdocs/Symfony/app/cache/prod/classes.php:1977, Symfony\\Component\\Routing\\Exception\\ResourceNotFoundException:  at /Applications/MAMP/htdocs/Symfony/app/cache/prod/appProdUrlMatcher.php:35)"} []
